<?xml version="1.0" encoding="UTF-8" ?>
<testsuite tests="3" failures="0" name="RPNCalculator.RPNCalculatorTest" time="0.07" errors="0" skipped="0">
  <properties>
[...]
</properties>
  <testcase classname="RPNCalculator.RPNCalculatorTest" name="RPNCalculator.RPNCalculatorTest.testExpectedBasicInput" time="0.043"/>
  <testcase classname="RPNCalculator.RPNCalculatorTest" name="RPNCalculator.RPNCalculatorTest.testExpectedAdvancedInput" time="0.006"/>
  <testcase classname="RPNCalculator.RPNCalculatorTest" name="RPNCalculator.RPNCalculatorTest.testExpectedErrors" time="0.021"/>
</testsuite>